生成启动时间为 2020/5/29 16:07:30。
     1>项目“F:\C语言\Code\C++复习\函数重载\函数重载\函数重载.vcxproj”在节点 2 上(Rebuild 个目标)。
     1>ClCompile:
         F:\VS2013\VC\bin\CL.exe /c /ZI /nologo /W3 /WX- /sdl /Od /Oy- /D _UNICODE /D UNICODE /Gm /EHsc /RTC1 /MDd /GS /fp:precise /Zc:wchar_t /Zc:forScope /Fo"Debug\\" /Fd"Debug\vc120.pdb" /Gd /TP /analyze- /errorReport:prompt test.cpp
         test.cpp
     1>f:\c语言\code\c++复习\函数重载\函数重载\test.cpp(112): error C2084: 函数“void Test2(void)”已有主体
                 f:\c语言\code\c++复习\函数重载\函数重载\test.cpp(102) : 参见“Test2”的前一个定义
     1>f:\c语言\code\c++复习\函数重载\函数重载\test.cpp(125): error C3861: “Test2”:  找不到标识符
     1>已完成生成项目“F:\C语言\Code\C++复习\函数重载\函数重载\函数重载.vcxproj”(Rebuild 个目标)的操作 - 失败。

生成失败。

已用时间 00:00:00.41
