生成启动时间为 2020/2/22 12:04:28。
     1>项目“F:\C语言\Code\C++8\C++8\C++8.vcxproj”在节点 2 上(Build 个目标)。
     1>ClCompile:
         F:\VS2013\VC\bin\CL.exe /c /ZI /nologo /W3 /WX- /sdl /Od /Oy- /D _CRT_SECURE_NO_WARNINGS /D _MBCS /Gm /EHsc /RTC1 /MDd /GS /fp:precise /Zc:wchar_t /Zc:forScope /Fo"Debug\\" /Fd"Debug\vc120.pdb" /Gd /TP /analyze- /errorReport:prompt test.cpp
         test.cpp
     1>f:\c语言\code\c++8\c++8\test.cpp(432): warning C4018: “<”: 有符号/无符号不匹配
                 f:\c语言\code\c++8\c++8\test.cpp(421): 参见对正在编译的函数 模板 实例化“T SumArray<int>(T [],int)”的引用
                 with
                 [
                     T=int
                 ]
       Link:
         F:\VS2013\VC\bin\link.exe /ERRORREPORT:PROMPT /OUT:"F:\C语言\Code\C++8\Debug\C++8.exe" /INCREMENTAL /NOLOGO kernel32.lib user32.lib gdi32.lib winspool.lib comdlg32.lib advapi32.lib shell32.lib ole32.lib oleaut32.lib uuid.lib odbc32.lib odbccp32.lib /MANIFEST /MANIFESTUAC:"level='asInvoker' uiAccess='false'" /manifest:embed /DEBUG /PDB:"F:\C语言\Code\C++8\Debug\C++8.pdb" /TLBID:1 /DYNAMICBASE /NXCOMPAT /IMPLIB:"F:\C语言\Code\C++8\Debug\C++8.lib" /MACHINE:X86 Debug\test.obj
     1>test.obj : error LNK2019: 无法解析的外部符号 "double __cdecl SumArray<double>(double * * const,int)" (??$SumArray@N@@YANQAPANH@Z)，该符号在函数 _main 中被引用
     1>F:\C语言\Code\C++8\Debug\C++8.exe : fatal error LNK1120: 1 个无法解析的外部命令
     1>已完成生成项目“F:\C语言\Code\C++8\C++8\C++8.vcxproj”(Build 个目标)的操作 - 失败。

生成失败。

已用时间 00:00:01.08
